<?xml version="1.0" encoding="UTF-8"?>
<!-- Generated by org.testng.reporters.JUnitXMLReporter -->
<testsuite hostname="DESKTOP-EUNFVH5" ignored="4" name="Test" tests="2" failures="1" timestamp="21 Mar 2022 05:28:48 GMT" time="113.716" errors="0">
  <testcase name="createOrgTest" time="31.17" classname="com.crm.ScriptsUsingGenericUtility.CreateOrgwithBaseclass"/>
  <testcase name="createOrgWithIndTypeBaseClass" time="10.092" classname="com.crm.ScriptsUsingGenericUtility.CreateOrgWithIndTypeBaseClass">
    <failure type="java.lang.AssertionError" message="null">
      <![CDATA[java.lang.AssertionError: null
at com.crm.ScriptsUsingGenericUtility.CreateOrgWithIndTypeBaseClass.createOrgWithIndTypeBaseClass(CreateOrgWithIndTypeBaseClass.java:37)
... Removed 27 stack frames]]>
    </failure>
  </testcase> <!-- createOrgWithIndTypeBaseClass -->
  <testcase name="createSampleTestCase3" time="0.0" classname="com.crm.ScriptsUsingGenericUtility.CreateOrgWithIndTypeBaseClass">
    <ignored/>
  </testcase> <!-- createSampleTestCase3 -->
  <testcase name="@BeforeSuite connectdatabase" time="0.0" classname="crm.pom.ObjectRepository.BaseClass">
    <ignored/>
  </testcase> <!-- @BeforeSuite connectdatabase -->
  <testcase name="createSampleTestCase2" time="0.0" classname="com.crm.ScriptsUsingGenericUtility.CreateOrgWithIndTypeBaseClass">
    <ignored/>
  </testcase> <!-- createSampleTestCase2 -->
  <testcase name="createSampleTestCase1" time="0.0" classname="com.crm.ScriptsUsingGenericUtility.CreateOrgWithIndTypeBaseClass">
    <ignored/>
  </testcase> <!-- createSampleTestCase1 -->
</testsuite> <!-- Test -->
