<?xml version="1.0" encoding="UTF-8"?>
<!-- Generated by org.testng.reporters.JUnitReportReporter -->
<testsuite skipped="1" hostname="DESKTOP-EUNFVH5" name="com.crm.PRACTICE.WebEleTableCheckAllCheckBox" tests="2" failures="0" timestamp="04 May 2022 11:41:03 GMT" time="34.546" errors="0">
  <testcase name="webEleTableCheckl̥astCheckBox" time="34.546" classname="com.crm.PRACTICE.WebEleTableCheckAllCheckBox"/>
  <testcase name="webEleTableCheckAllCheckBox" classname="com.crm.PRACTICE.WebEleTableCheckAllCheckBox">
    <skipped/>
  </testcase> <!-- webEleTableCheckAllCheckBox -->
</testsuite> <!-- com.crm.PRACTICE.WebEleTableCheckAllCheckBox -->
